<?xml version="1.0" encoding="UTF-8"?>
<testng-results skipped="0" failed="0" ignored="0" total="1" passed="1">
  <reporter-output>
  </reporter-output>
  <suite name="Suite" duration-ms="9064" started-at="2021-06-11T19:42:13 IST" finished-at="2021-06-11T19:42:22 IST">
    <groups>
    </groups>
    <test name="Test" duration-ms="9064" started-at="2021-06-11T19:42:13 IST" finished-at="2021-06-11T19:42:22 IST">
      <class name="Sample.CheckTitle">
        <test-method status="PASS" signature="signin()[pri:0, instance:Sample.CheckTitle@fad74ee]" name="signin" is-config="true" duration-ms="4312" started-at="2021-06-11T19:42:13 IST" finished-at="2021-06-11T19:42:17 IST">
          <reporter-output>
          </reporter-output>
        </test-method> <!-- signin -->
        <test-method status="PASS" signature="checkTitle()[pri:0, instance:Sample.CheckTitle@fad74ee]" name="checkTitle" duration-ms="4704" started-at="2021-06-11T19:42:17 IST" finished-at="2021-06-11T19:42:22 IST">
          <reporter-output>
          </reporter-output>
        </test-method> <!-- checkTitle -->
      </class> <!-- Sample.CheckTitle -->
    </test> <!-- Test -->
  </suite> <!-- Suite -->
</testng-results>
